{"/Users/achsahjojo/Desktop/Project01/app/Home.tsx": {"path":"/Users/achsahjojo/Desktop/Project01/app/Home.tsx","statementMap":{"0":{"start":{"line":9,"column":25},"end":{"line":66,"column":1}},"1":{"start":{"line":16,"column":28},"end":{"line":16,"column":63}},"2":{"start":{"line":17,"column":32},"end":{"line":17,"column":53}},"3":{"start":{"line":18,"column":26},"end":{"line":20,"column":3}},"4":{"start":{"line":23,"column":2},"end":{"line":38,"column":9}},"5":{"start":{"line":24,"column":4},"end":{"line":37,"column":72}},"6":{"start":{"line":27,"column":26},"end":{"line":27,"column":41}},"7":{"start":{"line":29,"column":26},"end":{"line":34,"column":9}},"8":{"start":{"line":30,"column":53},"end":{"line":33,"column":11}},"9":{"start":{"line":35,"column":8},"end":{"line":35,"column":27}},"10":{"start":{"line":37,"column":22},"end":{"line":37,"column":70}},"11":{"start":{"line":40,"column":2},"end":{"line":65,"column":4}},"12":{"start":{"line":56,"column":23},"end":{"line":56,"column":39}},"13":{"start":{"line":57,"column":22},"end":{"line":57,"column":39}},"14":{"start":{"line":59,"column":10},"end":{"line":59,"column":31}},"15":{"start":{"line":60,"column":10},"end":{"line":60,"column":28}},"16":{"start":{"line":61,"column":10},"end":{"line":61,"column":34}},"17":{"start":{"line":69,"column":40},"end":{"line":69,"column":61}},"18":{"start":{"line":70,"column":34},"end":{"line":70,"column":69}},"19":{"start":{"line":71,"column":19},"end":{"line":71,"column":45}},"20":{"start":{"line":71,"column":25},"end":{"line":71,"column":45}},"21":{"start":{"line":72,"column":20},"end":{"line":72,"column":47}},"22":{"start":{"line":72,"column":26},"end":{"line":72,"column":47}},"23":{"start":{"line":74,"column":42},"end":{"line":74,"column":65}},"24":{"start":{"line":75,"column":17},"end":{"line":75,"column":28}},"25":{"start":{"line":84,"column":2},"end":{"line":145,"column":4}},"26":{"start":{"line":104,"column":16},"end":{"line":104,"column":28}},"27":{"start":{"line":105,"column":16},"end":{"line":105,"column":25}},"28":{"start":{"line":111,"column":16},"end":{"line":111,"column":28}},"29":{"start":{"line":112,"column":16},"end":{"line":112,"column":44}},"30":{"start":{"line":148,"column":23},"end":{"line":168,"column":2}},"31":{"start":{"line":170,"column":15},"end":{"line":198,"column":2}}},"fnMap":{"0":{"name":"(anonymous_0)","decl":{"start":{"line":9,"column":25},"end":{"line":9,"column":26}},"loc":{"start":{"line":15,"column":6},"end":{"line":66,"column":1}},"line":15},"1":{"name":"(anonymous_1)","decl":{"start":{"line":23,"column":18},"end":{"line":23,"column":19}},"loc":{"start":{"line":23,"column":24},"end":{"line":38,"column":3}},"line":23},"2":{"name":"(anonymous_2)","decl":{"start":{"line":27,"column":12},"end":{"line":27,"column":13}},"loc":{"start":{"line":27,"column":26},"end":{"line":27,"column":41}},"line":27},"3":{"name":"(anonymous_3)","decl":{"start":{"line":28,"column":12},"end":{"line":28,"column":13}},"loc":{"start":{"line":28,"column":22},"end":{"line":36,"column":7}},"line":28},"4":{"name":"(anonymous_4)","decl":{"start":{"line":30,"column":10},"end":{"line":30,"column":11}},"loc":{"start":{"line":30,"column":53},"end":{"line":33,"column":11}},"line":30},"5":{"name":"(anonymous_5)","decl":{"start":{"line":37,"column":13},"end":{"line":37,"column":14}},"loc":{"start":{"line":37,"column":22},"end":{"line":37,"column":70}},"line":37},"6":{"name":"(anonymous_6)","decl":{"start":{"line":56,"column":17},"end":{"line":56,"column":18}},"loc":{"start":{"line":56,"column":23},"end":{"line":56,"column":39}},"line":56},"7":{"name":"(anonymous_7)","decl":{"start":{"line":57,"column":16},"end":{"line":57,"column":17}},"loc":{"start":{"line":57,"column":22},"end":{"line":57,"column":39}},"line":57},"8":{"name":"(anonymous_8)","decl":{"start":{"line":58,"column":18},"end":{"line":58,"column":19}},"loc":{"start":{"line":58,"column":28},"end":{"line":62,"column":9}},"line":58},"9":{"name":"HomeScreen","decl":{"start":{"line":68,"column":24},"end":{"line":68,"column":34}},"loc":{"start":{"line":68,"column":37},"end":{"line":146,"column":1}},"line":68},"10":{"name":"(anonymous_10)","decl":{"start":{"line":71,"column":19},"end":{"line":71,"column":20}},"loc":{"start":{"line":71,"column":25},"end":{"line":71,"column":45}},"line":71},"11":{"name":"(anonymous_11)","decl":{"start":{"line":72,"column":20},"end":{"line":72,"column":21}},"loc":{"start":{"line":72,"column":26},"end":{"line":72,"column":47}},"line":72},"12":{"name":"(anonymous_12)","decl":{"start":{"line":103,"column":23},"end":{"line":103,"column":24}},"loc":{"start":{"line":103,"column":29},"end":{"line":106,"column":15}},"line":103},"13":{"name":"(anonymous_13)","decl":{"start":{"line":110,"column":23},"end":{"line":110,"column":24}},"loc":{"start":{"line":110,"column":29},"end":{"line":113,"column":15}},"line":110}},"branchMap":{"0":{"loc":{"start":{"line":29,"column":27},"end":{"line":29,"column":45}},"type":"binary-expr","locations":[{"start":{"line":29,"column":27},"end":{"line":29,"column":39}},{"start":{"line":29,"column":43},"end":{"line":29,"column":45}}],"line":29},"1":{"loc":{"start":{"line":43,"column":41},"end":{"line":43,"column":75}},"type":"binary-expr","locations":[{"start":{"line":43,"column":41},"end":{"line":43,"column":48}},{"start":{"line":43,"column":52},"end":{"line":43,"column":75}}],"line":43},"2":{"loc":{"start":{"line":53,"column":21},"end":{"line":53,"column":53}},"type":"cond-expr","locations":[{"start":{"line":53,"column":32},"end":{"line":53,"column":45}},{"start":{"line":53,"column":48},"end":{"line":53,"column":53}}],"line":53},"3":{"loc":{"start":{"line":98,"column":17},"end":{"line":98,"column":35}},"type":"binary-expr","locations":[{"start":{"line":98,"column":17},"end":{"line":98,"column":25}},{"start":{"line":98,"column":29},"end":{"line":98,"column":35}}],"line":98},"4":{"loc":{"start":{"line":138,"column":50},"end":{"line":138,"column":64}},"type":"binary-expr","locations":[{"start":{"line":138,"column":50},"end":{"line":138,"column":58}},{"start":{"line":138,"column":62},"end":{"line":138,"column":64}}],"line":138}},"s":{"0":1,"1":36,"2":36,"3":36,"4":36,"5":15,"6":13,"7":13,"8":33,"9":13,"10":2,"11":36,"12":7,"13":1,"14":1,"15":1,"16":1,"17":16,"18":16,"19":16,"20":0,"21":16,"22":0,"23":16,"24":16,"25":16,"26":0,"27":0,"28":0,"29":0,"30":1,"31":1},"f":{"0":36,"1":15,"2":13,"3":13,"4":33,"5":2,"6":7,"7":1,"8":1,"9":16,"10":0,"11":0,"12":0,"13":0},"b":{"0":[13,2],"1":[36,10],"2":[26,10],"3":[16,1],"4":[16,15]},"_coverageSchema":"1a1c01bbd47fc00a2c39e90264f33305004495a9","hash":"0a25746088250055a1580b4f08a9f734a0b9670a"}
,"/Users/achsahjojo/Desktop/Project01/app/jobs.tsx": {"path":"/Users/achsahjojo/Desktop/Project01/app/jobs.tsx","statementMap":{"0":{"start":{"line":25,"column":16},"end":{"line":25,"column":54}},"1":{"start":{"line":26,"column":16},"end":{"line":26,"column":59}},"2":{"start":{"line":28,"column":26},"end":{"line":28,"column":49}},"3":{"start":{"line":29,"column":32},"end":{"line":29,"column":47}},"4":{"start":{"line":30,"column":17},"end":{"line":30,"column":28}},"5":{"start":{"line":31,"column":27},"end":{"line":31,"column":41}},"6":{"start":{"line":33,"column":2},"end":{"line":54,"column":14}},"7":{"start":{"line":34,"column":4},"end":{"line":53,"column":9}},"8":{"start":{"line":35,"column":6},"end":{"line":52,"column":7}},"9":{"start":{"line":36,"column":8},"end":{"line":36,"column":25}},"10":{"start":{"line":37,"column":37},"end":{"line":37,"column":63}},"11":{"start":{"line":38,"column":34},"end":{"line":45,"column":11}},"12":{"start":{"line":38,"column":54},"end":{"line":45,"column":9}},"13":{"start":{"line":46,"column":8},"end":{"line":46,"column":24}},"14":{"start":{"line":48,"column":8},"end":{"line":48,"column":37}},"15":{"start":{"line":49,"column":8},"end":{"line":49,"column":20}},"16":{"start":{"line":51,"column":8},"end":{"line":51,"column":26}},"17":{"start":{"line":55,"column":2},"end":{"line":116,"column":4}},"18":{"start":{"line":61,"column":51},"end":{"line":61,"column":76}},"19":{"start":{"line":77,"column":12},"end":{"line":107,"column":19}},"20":{"start":{"line":84,"column":33},"end":{"line":84,"column":74}},"21":{"start":{"line":92,"column":33},"end":{"line":92,"column":42}},"22":{"start":{"line":119,"column":10},"end":{"line":178,"column":2}}},"fnMap":{"0":{"name":"JobsScreen","decl":{"start":{"line":24,"column":24},"end":{"line":24,"column":34}},"loc":{"start":{"line":24,"column":37},"end":{"line":117,"column":1}},"line":24},"1":{"name":"(anonymous_1)","decl":{"start":{"line":33,"column":12},"end":{"line":33,"column":13}},"loc":{"start":{"line":33,"column":18},"end":{"line":54,"column":3}},"line":33},"2":{"name":"(anonymous_2)","decl":{"start":{"line":34,"column":5},"end":{"line":34,"column":6}},"loc":{"start":{"line":34,"column":17},"end":{"line":53,"column":5}},"line":34},"3":{"name":"(anonymous_3)","decl":{"start":{"line":38,"column":46},"end":{"line":38,"column":47}},"loc":{"start":{"line":38,"column":54},"end":{"line":45,"column":9}},"line":38},"4":{"name":"(anonymous_4)","decl":{"start":{"line":61,"column":45},"end":{"line":61,"column":46}},"loc":{"start":{"line":61,"column":51},"end":{"line":61,"column":76}},"line":61},"5":{"name":"(anonymous_5)","decl":{"start":{"line":76,"column":20},"end":{"line":76,"column":21}},"loc":{"start":{"line":77,"column":12},"end":{"line":107,"column":19}},"line":77},"6":{"name":"(anonymous_6)","decl":{"start":{"line":84,"column":27},"end":{"line":84,"column":28}},"loc":{"start":{"line":84,"column":33},"end":{"line":84,"column":74}},"line":84},"7":{"name":"(anonymous_7)","decl":{"start":{"line":92,"column":27},"end":{"line":92,"column":28}},"loc":{"start":{"line":92,"column":33},"end":{"line":92,"column":42}},"line":92}},"branchMap":{"0":{"loc":{"start":{"line":26,"column":16},"end":{"line":26,"column":59}},"type":"binary-expr","locations":[{"start":{"line":26,"column":17},"end":{"line":26,"column":44}},{"start":{"line":26,"column":49},"end":{"line":26,"column":59}}],"line":26},"1":{"loc":{"start":{"line":26,"column":17},"end":{"line":26,"column":44}},"type":"cond-expr","locations":[{"start":{"line":26,"column":36},"end":{"line":26,"column":40}},{"start":{"line":26,"column":43},"end":{"line":26,"column":44}}],"line":26},"2":{"loc":{"start":{"line":41,"column":19},"end":{"line":41,"column":55}},"type":"binary-expr","locations":[{"start":{"line":41,"column":19},"end":{"line":41,"column":42}},{"start":{"line":41,"column":46},"end":{"line":41,"column":55}}],"line":41},"3":{"loc":{"start":{"line":42,"column":20},"end":{"line":42,"column":57}},"type":"binary-expr","locations":[{"start":{"line":42,"column":20},"end":{"line":42,"column":44}},{"start":{"line":42,"column":48},"end":{"line":42,"column":57}}],"line":42},"4":{"loc":{"start":{"line":72,"column":11},"end":{"line":74,"column":11}},"type":"binary-expr","locations":[{"start":{"line":72,"column":11},"end":{"line":72,"column":18}},{"start":{"line":73,"column":12},"end":{"line":73,"column":80}}],"line":72},"5":{"loc":{"start":{"line":84,"column":49},"end":{"line":84,"column":73}},"type":"binary-expr","locations":[{"start":{"line":84,"column":49},"end":{"line":84,"column":57}},{"start":{"line":84,"column":61},"end":{"line":84,"column":73}}],"line":84},"6":{"loc":{"start":{"line":96,"column":20},"end":{"line":96,"column":70}},"type":"binary-expr","locations":[{"start":{"line":96,"column":20},"end":{"line":96,"column":36}},{"start":{"line":96,"column":40},"end":{"line":96,"column":70}}],"line":96},"7":{"loc":{"start":{"line":100,"column":21},"end":{"line":100,"column":50}},"type":"cond-expr","locations":[{"start":{"line":100,"column":40},"end":{"line":100,"column":44}},{"start":{"line":100,"column":47},"end":{"line":100,"column":50}}],"line":100},"8":{"loc":{"start":{"line":104,"column":27},"end":{"line":104,"column":75}},"type":"cond-expr","locations":[{"start":{"line":104,"column":43},"end":{"line":104,"column":69}},{"start":{"line":104,"column":72},"end":{"line":104,"column":75}}],"line":104},"9":{"loc":{"start":{"line":110,"column":11},"end":{"line":112,"column":11}},"type":"binary-expr","locations":[{"start":{"line":110,"column":11},"end":{"line":110,"column":19}},{"start":{"line":110,"column":23},"end":{"line":110,"column":40}},{"start":{"line":111,"column":12},"end":{"line":111,"column":65}}],"line":110}},"s":{"0":3,"1":3,"2":3,"3":3,"4":3,"5":3,"6":3,"7":1,"8":1,"9":1,"10":1,"11":1,"12":1,"13":1,"14":0,"15":0,"16":1,"17":3,"18":1,"19":1,"20":0,"21":0,"22":1},"f":{"0":3,"1":1,"2":1,"3":1,"4":1,"5":1,"6":0,"7":0},"b":{"0":[3,0],"1":[0,3],"2":[1,0],"3":[1,0],"4":[3,1],"5":[0,0],"6":[1,0],"7":[0,1],"8":[1,0],"9":[3,2,1]},"_coverageSchema":"1a1c01bbd47fc00a2c39e90264f33305004495a9","hash":"6bea0fdb6e5c93c56d5e93cbabfefffae77c0202"}
,"/Users/achsahjojo/Desktop/Project01/context/AuthProvider.tsx": {"path":"/Users/achsahjojo/Desktop/Project01/context/AuthProvider.tsx","statementMap":{"0":{"start":{"line":19,"column":27},"end":{"line":27,"column":2}},"1":{"start":{"line":33,"column":28},"end":{"line":101,"column":1}},"2":{"start":{"line":34,"column":36},"end":{"line":34,"column":65}},"3":{"start":{"line":35,"column":34},"end":{"line":35,"column":63}},"4":{"start":{"line":36,"column":34},"end":{"line":36,"column":63}},"5":{"start":{"line":37,"column":36},"end":{"line":37,"column":59}},"6":{"start":{"line":39,"column":2},"end":{"line":50,"column":9}},"7":{"start":{"line":40,"column":25},"end":{"line":48,"column":5}},"8":{"start":{"line":41,"column":20},"end":{"line":41,"column":59}},"9":{"start":{"line":42,"column":23},"end":{"line":42,"column":61}},"10":{"start":{"line":43,"column":23},"end":{"line":43,"column":61}},"11":{"start":{"line":44,"column":6},"end":{"line":44,"column":26}},"12":{"start":{"line":45,"column":6},"end":{"line":45,"column":28}},"13":{"start":{"line":46,"column":6},"end":{"line":46,"column":28}},"14":{"start":{"line":47,"column":6},"end":{"line":47,"column":26}},"15":{"start":{"line":49,"column":4},"end":{"line":49,"column":19}},"16":{"start":{"line":52,"column":16},"end":{"line":60,"column":3}},"17":{"start":{"line":53,"column":4},"end":{"line":53,"column":51}},"18":{"start":{"line":54,"column":4},"end":{"line":54,"column":53}},"19":{"start":{"line":55,"column":4},"end":{"line":55,"column":53}},"20":{"start":{"line":56,"column":4},"end":{"line":56,"column":24}},"21":{"start":{"line":57,"column":4},"end":{"line":57,"column":26}},"22":{"start":{"line":58,"column":4},"end":{"line":58,"column":26}},"23":{"start":{"line":59,"column":4},"end":{"line":59,"column":24}},"24":{"start":{"line":62,"column":19},"end":{"line":74,"column":3}},"25":{"start":{"line":67,"column":4},"end":{"line":67,"column":51}},"26":{"start":{"line":68,"column":4},"end":{"line":68,"column":53}},"27":{"start":{"line":69,"column":4},"end":{"line":69,"column":53}},"28":{"start":{"line":70,"column":4},"end":{"line":70,"column":24}},"29":{"start":{"line":71,"column":4},"end":{"line":71,"column":26}},"30":{"start":{"line":72,"column":4},"end":{"line":72,"column":26}},"31":{"start":{"line":73,"column":4},"end":{"line":73,"column":24}},"32":{"start":{"line":76,"column":17},"end":{"line":84,"column":3}},"33":{"start":{"line":77,"column":4},"end":{"line":77,"column":47}},"34":{"start":{"line":78,"column":4},"end":{"line":78,"column":46}},"35":{"start":{"line":79,"column":4},"end":{"line":79,"column":46}},"36":{"start":{"line":80,"column":4},"end":{"line":80,"column":23}},"37":{"start":{"line":81,"column":4},"end":{"line":81,"column":22}},"38":{"start":{"line":82,"column":4},"end":{"line":82,"column":22}},"39":{"start":{"line":83,"column":4},"end":{"line":83,"column":24}},"40":{"start":{"line":86,"column":2},"end":{"line":100,"column":4}}},"fnMap":{"0":{"name":"(anonymous_0)","decl":{"start":{"line":23,"column":9},"end":{"line":23,"column":10}},"loc":{"start":{"line":23,"column":21},"end":{"line":23,"column":23}},"line":23},"1":{"name":"(anonymous_1)","decl":{"start":{"line":24,"column":10},"end":{"line":24,"column":11}},"loc":{"start":{"line":24,"column":22},"end":{"line":24,"column":24}},"line":24},"2":{"name":"(anonymous_2)","decl":{"start":{"line":25,"column":12},"end":{"line":25,"column":13}},"loc":{"start":{"line":25,"column":24},"end":{"line":25,"column":26}},"line":25},"3":{"name":"(anonymous_3)","decl":{"start":{"line":33,"column":28},"end":{"line":33,"column":29}},"loc":{"start":{"line":33,"column":65},"end":{"line":101,"column":1}},"line":33},"4":{"name":"(anonymous_4)","decl":{"start":{"line":39,"column":18},"end":{"line":39,"column":19}},"loc":{"start":{"line":39,"column":24},"end":{"line":50,"column":3}},"line":39},"5":{"name":"(anonymous_5)","decl":{"start":{"line":40,"column":25},"end":{"line":40,"column":26}},"loc":{"start":{"line":40,"column":37},"end":{"line":48,"column":5}},"line":40},"6":{"name":"(anonymous_6)","decl":{"start":{"line":52,"column":16},"end":{"line":52,"column":17}},"loc":{"start":{"line":52,"column":77},"end":{"line":60,"column":3}},"line":52},"7":{"name":"(anonymous_7)","decl":{"start":{"line":62,"column":19},"end":{"line":62,"column":20}},"loc":{"start":{"line":66,"column":7},"end":{"line":74,"column":3}},"line":66},"8":{"name":"(anonymous_8)","decl":{"start":{"line":76,"column":17},"end":{"line":76,"column":18}},"loc":{"start":{"line":76,"column":29},"end":{"line":84,"column":3}},"line":76}},"branchMap":{},"s":{"0":1,"1":1,"2":0,"3":0,"4":0,"5":0,"6":0,"7":0,"8":0,"9":0,"10":0,"11":0,"12":0,"13":0,"14":0,"15":0,"16":0,"17":0,"18":0,"19":0,"20":0,"21":0,"22":0,"23":0,"24":0,"25":0,"26":0,"27":0,"28":0,"29":0,"30":0,"31":0,"32":0,"33":0,"34":0,"35":0,"36":0,"37":0,"38":0,"39":0,"40":0},"f":{"0":0,"1":0,"2":0,"3":0,"4":0,"5":0,"6":0,"7":0,"8":0},"b":{},"_coverageSchema":"1a1c01bbd47fc00a2c39e90264f33305004495a9","hash":"75d3bc44c0e77f9a37cce024e2575b6db5cb42a7"}
,"/Users/achsahjojo/Desktop/Project01/src/utils/SavedJobsContext.tsx": {"path":"/Users/achsahjojo/Desktop/Project01/src/utils/SavedJobsContext.tsx","statementMap":{"0":{"start":{"line":20,"column":25},"end":{"line":20,"column":65}},"1":{"start":{"line":21,"column":20},"end":{"line":21,"column":35}},"2":{"start":{"line":24,"column":28},"end":{"line":24,"column":52}},"3":{"start":{"line":25,"column":34},"end":{"line":25,"column":49}},"4":{"start":{"line":27,"column":2},"end":{"line":37,"column":9}},"5":{"start":{"line":28,"column":4},"end":{"line":36,"column":9}},"6":{"start":{"line":29,"column":6},"end":{"line":35,"column":7}},"7":{"start":{"line":30,"column":20},"end":{"line":30,"column":59}},"8":{"start":{"line":31,"column":8},"end":{"line":31,"column":43}},"9":{"start":{"line":31,"column":17},"end":{"line":31,"column":43}},"10":{"start":{"line":34,"column":8},"end":{"line":34,"column":26}},"11":{"start":{"line":39,"column":2},"end":{"line":42,"column":24}},"12":{"start":{"line":40,"column":4},"end":{"line":40,"column":26}},"13":{"start":{"line":40,"column":19},"end":{"line":40,"column":26}},"14":{"start":{"line":41,"column":4},"end":{"line":41,"column":77}},"15":{"start":{"line":44,"column":14},"end":{"line":52,"column":23}},"16":{"start":{"line":45,"column":4},"end":{"line":51,"column":6}},"17":{"start":{"line":48,"column":8},"end":{"line":48,"column":87}},"18":{"start":{"line":48,"column":28},"end":{"line":48,"column":85}},"19":{"start":{"line":48,"column":45},"end":{"line":48,"column":60}},"20":{"start":{"line":49,"column":22},"end":{"line":49,"column":81}},"21":{"start":{"line":49,"column":41},"end":{"line":49,"column":80}},"22":{"start":{"line":49,"column":60},"end":{"line":49,"column":79}},"23":{"start":{"line":50,"column":23},"end":{"line":50,"column":61}},"24":{"start":{"line":50,"column":41},"end":{"line":50,"column":60}},"25":{"start":{"line":54,"column":2},"end":{"line":54,"column":87}},"26":{"start":{"line":58,"column":14},"end":{"line":58,"column":42}},"27":{"start":{"line":59,"column":2},"end":{"line":59,"column":82}},"28":{"start":{"line":59,"column":12},"end":{"line":59,"column":82}},"29":{"start":{"line":60,"column":2},"end":{"line":60,"column":13}}},"fnMap":{"0":{"name":"SavedJobsProvider","decl":{"start":{"line":23,"column":16},"end":{"line":23,"column":33}},"loc":{"start":{"line":23,"column":79},"end":{"line":55,"column":1}},"line":23},"1":{"name":"(anonymous_1)","decl":{"start":{"line":27,"column":12},"end":{"line":27,"column":13}},"loc":{"start":{"line":27,"column":18},"end":{"line":37,"column":3}},"line":27},"2":{"name":"(anonymous_2)","decl":{"start":{"line":28,"column":5},"end":{"line":28,"column":6}},"loc":{"start":{"line":28,"column":17},"end":{"line":36,"column":5}},"line":28},"3":{"name":"(anonymous_3)","decl":{"start":{"line":39,"column":12},"end":{"line":39,"column":13}},"loc":{"start":{"line":39,"column":18},"end":{"line":42,"column":3}},"line":39},"4":{"name":"(anonymous_4)","decl":{"start":{"line":41,"column":67},"end":{"line":41,"column":68}},"loc":{"start":{"line":41,"column":73},"end":{"line":41,"column":75}},"line":41},"5":{"name":"(anonymous_5)","decl":{"start":{"line":44,"column":36},"end":{"line":44,"column":37}},"loc":{"start":{"line":44,"column":42},"end":{"line":52,"column":3}},"line":44},"6":{"name":"(anonymous_6)","decl":{"start":{"line":47,"column":11},"end":{"line":47,"column":12}},"loc":{"start":{"line":48,"column":8},"end":{"line":48,"column":87}},"line":48},"7":{"name":"(anonymous_7)","decl":{"start":{"line":48,"column":17},"end":{"line":48,"column":18}},"loc":{"start":{"line":48,"column":28},"end":{"line":48,"column":85}},"line":48},"8":{"name":"(anonymous_8)","decl":{"start":{"line":48,"column":38},"end":{"line":48,"column":39}},"loc":{"start":{"line":48,"column":45},"end":{"line":48,"column":60}},"line":48},"9":{"name":"(anonymous_9)","decl":{"start":{"line":49,"column":14},"end":{"line":49,"column":15}},"loc":{"start":{"line":49,"column":22},"end":{"line":49,"column":81}},"line":49},"10":{"name":"(anonymous_10)","decl":{"start":{"line":49,"column":31},"end":{"line":49,"column":32}},"loc":{"start":{"line":49,"column":41},"end":{"line":49,"column":80}},"line":49},"11":{"name":"(anonymous_11)","decl":{"start":{"line":49,"column":53},"end":{"line":49,"column":54}},"loc":{"start":{"line":49,"column":60},"end":{"line":49,"column":79}},"line":49},"12":{"name":"(anonymous_12)","decl":{"start":{"line":50,"column":15},"end":{"line":50,"column":16}},"loc":{"start":{"line":50,"column":23},"end":{"line":50,"column":61}},"line":50},"13":{"name":"(anonymous_13)","decl":{"start":{"line":50,"column":34},"end":{"line":50,"column":35}},"loc":{"start":{"line":50,"column":41},"end":{"line":50,"column":60}},"line":50},"14":{"name":"useSavedJobs","decl":{"start":{"line":57,"column":16},"end":{"line":57,"column":28}},"loc":{"start":{"line":57,"column":31},"end":{"line":61,"column":1}},"line":57}},"branchMap":{"0":{"loc":{"start":{"line":31,"column":8},"end":{"line":31,"column":43}},"type":"if","locations":[{"start":{"line":31,"column":8},"end":{"line":31,"column":43}},{"start":{},"end":{}}],"line":31},"1":{"loc":{"start":{"line":40,"column":4},"end":{"line":40,"column":26}},"type":"if","locations":[{"start":{"line":40,"column":4},"end":{"line":40,"column":26}},{"start":{},"end":{}}],"line":40},"2":{"loc":{"start":{"line":48,"column":28},"end":{"line":48,"column":85}},"type":"cond-expr","locations":[{"start":{"line":48,"column":64},"end":{"line":48,"column":68}},{"start":{"line":48,"column":71},"end":{"line":48,"column":85}}],"line":48},"3":{"loc":{"start":{"line":59,"column":2},"end":{"line":59,"column":82}},"type":"if","locations":[{"start":{"line":59,"column":2},"end":{"line":59,"column":82}},{"start":{},"end":{}}],"line":59}},"s":{"0":2,"1":2,"2":6,"3":6,"4":6,"5":2,"6":2,"7":2,"8":2,"9":1,"10":2,"11":6,"12":6,"13":2,"14":4,"15":6,"16":6,"17":1,"18":1,"19":1,"20":1,"21":1,"22":2,"23":7,"24":3,"25":6,"26":7,"27":7,"28":0,"29":7},"f":{"0":6,"1":2,"2":2,"3":6,"4":0,"5":6,"6":1,"7":1,"8":1,"9":1,"10":1,"11":2,"12":7,"13":3,"14":7},"b":{"0":[1,1],"1":[2,4],"2":[0,1],"3":[0,7]},"_coverageSchema":"1a1c01bbd47fc00a2c39e90264f33305004495a9","hash":"245804fcf6c83adbe3fd58c1c6335807575d835e"}
,"/Users/achsahjojo/Desktop/Project01/src/utils/adzuna.ts": {"path":"/Users/achsahjojo/Desktop/Project01/src/utils/adzuna.ts","statementMap":{"0":{"start":{"line":1,"column":15},"end":{"line":1,"column":52}},"1":{"start":{"line":2,"column":16},"end":{"line":2,"column":54}},"2":{"start":{"line":3,"column":13},"end":{"line":3,"column":52}},"3":{"start":{"line":15,"column":16},"end":{"line":15,"column":48}},"4":{"start":{"line":18,"column":4},"end":{"line":23,"column":56}},"5":{"start":{"line":25,"column":14},"end":{"line":25,"column":30}},"6":{"start":{"line":26,"column":2},"end":{"line":26,"column":70}},"7":{"start":{"line":26,"column":15},"end":{"line":26,"column":70}},"8":{"start":{"line":27,"column":15},"end":{"line":27,"column":31}},"9":{"start":{"line":28,"column":2},"end":{"line":28,"column":46}}},"fnMap":{"0":{"name":"searchJobs","decl":{"start":{"line":14,"column":22},"end":{"line":14,"column":32}},"loc":{"start":{"line":14,"column":63},"end":{"line":29,"column":1}},"line":14}},"branchMap":{"0":{"loc":{"start":{"line":14,"column":33},"end":{"line":14,"column":51}},"type":"default-arg","locations":[{"start":{"line":14,"column":41},"end":{"line":14,"column":51}}],"line":14},"1":{"loc":{"start":{"line":14,"column":53},"end":{"line":14,"column":61}},"type":"default-arg","locations":[{"start":{"line":14,"column":60},"end":{"line":14,"column":61}}],"line":14},"2":{"loc":{"start":{"line":20,"column":5},"end":{"line":22,"column":44}},"type":"cond-expr","locations":[{"start":{"line":21,"column":8},"end":{"line":21,"column":48}},{"start":{"line":22,"column":8},"end":{"line":22,"column":44}}],"line":20},"3":{"loc":{"start":{"line":26,"column":2},"end":{"line":26,"column":70}},"type":"if","locations":[{"start":{"line":26,"column":2},"end":{"line":26,"column":70}},{"start":{},"end":{}}],"line":26},"4":{"loc":{"start":{"line":28,"column":10},"end":{"line":28,"column":29}},"type":"binary-expr","locations":[{"start":{"line":28,"column":10},"end":{"line":28,"column":23}},{"start":{"line":28,"column":27},"end":{"line":28,"column":29}}],"line":28}},"s":{"0":1,"1":1,"2":1,"3":0,"4":0,"5":0,"6":0,"7":0,"8":0,"9":0},"f":{"0":0},"b":{"0":[0],"1":[0],"2":[0,0],"3":[0,0],"4":[0,0]},"_coverageSchema":"1a1c01bbd47fc00a2c39e90264f33305004495a9","hash":"76f16354c2f3c1af8643faf4fff2a3b1b15bcd9f"}
}
