TN:
SF:app/Home.tsx
FN:9,(anonymous_0)
FN:23,(anonymous_1)
FN:27,(anonymous_2)
FN:28,(anonymous_3)
FN:30,(anonymous_4)
FN:37,(anonymous_5)
FN:56,(anonymous_6)
FN:57,(anonymous_7)
FN:58,(anonymous_8)
FN:68,HomeScreen
FN:71,(anonymous_10)
FN:72,(anonymous_11)
FN:103,(anonymous_12)
FN:110,(anonymous_13)
FNF:14
FNH:8
FNDA:3,(anonymous_0)
FNDA:1,(anonymous_1)
FNDA:1,(anonymous_2)
FNDA:1,(anonymous_3)
FNDA:2,(anonymous_4)
FNDA:0,(anonymous_5)
FNDA:1,(anonymous_6)
FNDA:1,(anonymous_7)
FNDA:0,(anonymous_8)
FNDA:1,HomeScreen
FNDA:0,(anonymous_10)
FNDA:0,(anonymous_11)
FNDA:0,(anonymous_12)
FNDA:0,(anonymous_13)
DA:9,1
DA:16,3
DA:17,3
DA:18,3
DA:23,3
DA:24,1
DA:27,1
DA:29,1
DA:30,2
DA:35,1
DA:37,0
DA:40,3
DA:56,1
DA:57,1
DA:59,0
DA:60,0
DA:61,0
DA:69,1
DA:70,1
DA:71,1
DA:72,1
DA:74,1
DA:75,1
DA:84,1
DA:104,0
DA:105,0
DA:111,0
DA:112,0
DA:148,1
DA:170,1
LF:30
LH:22
BRDA:29,0,0,1
BRDA:29,0,1,0
BRDA:43,1,0,3
BRDA:43,1,1,1
BRDA:53,2,0,2
BRDA:53,2,1,1
BRDA:98,3,0,1
BRDA:98,3,1,1
BRDA:138,4,0,1
BRDA:138,4,1,1
BRF:10
BRH:9
end_of_record
TN:
SF:app/jobs.tsx
FN:24,JobsScreen
FN:33,(anonymous_1)
FN:34,(anonymous_2)
FN:38,(anonymous_3)
FN:61,(anonymous_4)
FN:76,(anonymous_5)
FN:84,(anonymous_6)
FN:92,(anonymous_7)
FNF:8
FNH:6
FNDA:3,JobsScreen
FNDA:1,(anonymous_1)
FNDA:1,(anonymous_2)
FNDA:1,(anonymous_3)
FNDA:1,(anonymous_4)
FNDA:1,(anonymous_5)
FNDA:0,(anonymous_6)
FNDA:0,(anonymous_7)
DA:25,3
DA:26,3
DA:28,3
DA:29,3
DA:30,3
DA:31,3
DA:33,3
DA:34,1
DA:35,1
DA:36,1
DA:37,1
DA:38,1
DA:46,1
DA:48,0
DA:49,0
DA:51,1
DA:55,3
DA:61,1
DA:77,1
DA:84,0
DA:92,0
DA:119,1
LF:22
LH:18
BRDA:26,0,0,3
BRDA:26,0,1,0
BRDA:26,1,0,0
BRDA:26,1,1,3
BRDA:41,2,0,1
BRDA:41,2,1,0
BRDA:42,3,0,1
BRDA:42,3,1,0
BRDA:72,4,0,3
BRDA:72,4,1,1
BRDA:84,5,0,0
BRDA:84,5,1,0
BRDA:96,6,0,1
BRDA:96,6,1,0
BRDA:100,7,0,0
BRDA:100,7,1,1
BRDA:104,8,0,1
BRDA:104,8,1,0
BRDA:110,9,0,3
BRDA:110,9,1,2
BRDA:110,9,2,1
BRF:21
BRH:12
end_of_record
TN:
SF:context/AuthProvider.tsx
FN:17,(anonymous_0)
FN:18,(anonymous_1)
FN:25,(anonymous_2)
FN:30,(anonymous_3)
FN:31,(anonymous_4)
FN:42,(anonymous_5)
FN:53,(anonymous_6)
FNF:7
FNH:0
FNDA:0,(anonymous_0)
FNDA:0,(anonymous_1)
FNDA:0,(anonymous_2)
FNDA:0,(anonymous_3)
FNDA:0,(anonymous_4)
FNDA:0,(anonymous_5)
FNDA:0,(anonymous_6)
DA:13,1
DA:25,1
DA:26,0
DA:27,0
DA:28,0
DA:30,0
DA:31,0
DA:32,0
DA:33,0
DA:34,0
DA:35,0
DA:36,0
DA:37,0
DA:39,0
DA:42,0
DA:43,0
DA:44,0
DA:45,0
DA:46,0
DA:47,0
DA:48,0
DA:49,0
DA:50,0
DA:53,0
DA:54,0
DA:55,0
DA:56,0
DA:57,0
DA:58,0
DA:59,0
DA:60,0
DA:63,0
LF:32
LH:2
BRF:0
BRH:0
end_of_record
TN:
SF:src/utils/SavedJobsContext.tsx
FN:23,SavedJobsProvider
FN:27,(anonymous_1)
FN:28,(anonymous_2)
FN:39,(anonymous_3)
FN:41,(anonymous_4)
FN:44,(anonymous_5)
FN:47,(anonymous_6)
FN:48,(anonymous_7)
FN:48,(anonymous_8)
FN:49,(anonymous_9)
FN:49,(anonymous_10)
FN:49,(anonymous_11)
FN:50,(anonymous_12)
FN:50,(anonymous_13)
FN:57,useSavedJobs
FNF:15
FNH:14
FNDA:6,SavedJobsProvider
FNDA:2,(anonymous_1)
FNDA:2,(anonymous_2)
FNDA:6,(anonymous_3)
FNDA:0,(anonymous_4)
FNDA:6,(anonymous_5)
FNDA:1,(anonymous_6)
FNDA:1,(anonymous_7)
FNDA:1,(anonymous_8)
FNDA:1,(anonymous_9)
FNDA:1,(anonymous_10)
FNDA:2,(anonymous_11)
FNDA:7,(anonymous_12)
FNDA:3,(anonymous_13)
FNDA:7,useSavedJobs
DA:20,2
DA:21,2
DA:24,6
DA:25,6
DA:27,6
DA:28,2
DA:29,2
DA:30,2
DA:31,2
DA:34,2
DA:39,6
DA:40,6
DA:41,4
DA:44,6
DA:45,6
DA:48,1
DA:49,2
DA:50,7
DA:54,6
DA:58,7
DA:59,7
DA:60,7
LF:22
LH:22
BRDA:31,0,0,1
BRDA:31,0,1,1
BRDA:40,1,0,2
BRDA:40,1,1,4
BRDA:48,2,0,0
BRDA:48,2,1,1
BRDA:59,3,0,0
BRDA:59,3,1,7
BRF:8
BRH:6
end_of_record
TN:
SF:src/utils/adzuna.ts
FN:14,searchJobs
FNF:1
FNH:0
FNDA:0,searchJobs
DA:1,1
DA:2,1
DA:3,1
DA:15,0
DA:18,0
DA:25,0
DA:26,0
DA:27,0
DA:28,0
LF:9
LH:3
BRDA:14,0,0,0
BRDA:14,1,0,0
BRDA:20,2,0,0
BRDA:20,2,1,0
BRDA:26,3,0,0
BRDA:26,3,1,0
BRDA:28,4,0,0
BRDA:28,4,1,0
BRF:8
BRH:0
end_of_record
