TN:
SF:app/Home.tsx
FN:9,(anonymous_0)
FN:23,(anonymous_1)
FN:27,(anonymous_2)
FN:28,(anonymous_3)
FN:30,(anonymous_4)
FN:37,(anonymous_5)
FN:56,(anonymous_6)
FN:57,(anonymous_7)
FN:58,(anonymous_8)
FN:68,HomeScreen
FN:71,(anonymous_10)
FN:72,(anonymous_11)
FN:103,(anonymous_12)
FN:110,(anonymous_13)
FNF:14
FNH:10
FNDA:36,(anonymous_0)
FNDA:15,(anonymous_1)
FNDA:13,(anonymous_2)
FNDA:13,(anonymous_3)
FNDA:33,(anonymous_4)
FNDA:2,(anonymous_5)
FNDA:7,(anonymous_6)
FNDA:1,(anonymous_7)
FNDA:1,(anonymous_8)
FNDA:16,HomeScreen
FNDA:0,(anonymous_10)
FNDA:0,(anonymous_11)
FNDA:0,(anonymous_12)
FNDA:0,(anonymous_13)
DA:9,1
DA:16,36
DA:17,36
DA:18,36
DA:23,36
DA:24,15
DA:27,13
DA:29,13
DA:30,33
DA:35,13
DA:37,2
DA:40,36
DA:56,7
DA:57,1
DA:59,1
DA:60,1
DA:61,1
DA:69,16
DA:70,16
DA:71,16
DA:72,16
DA:74,16
DA:75,16
DA:84,16
DA:104,0
DA:105,0
DA:111,0
DA:112,0
DA:148,1
DA:170,1
LF:30
LH:26
BRDA:29,0,0,13
BRDA:29,0,1,2
BRDA:43,1,0,36
BRDA:43,1,1,10
BRDA:53,2,0,26
BRDA:53,2,1,10
BRDA:98,3,0,16
BRDA:98,3,1,1
BRDA:138,4,0,16
BRDA:138,4,1,15
BRF:10
BRH:10
end_of_record
TN:
SF:app/jobs.tsx
FN:24,JobsScreen
FN:33,(anonymous_1)
FN:34,(anonymous_2)
FN:38,(anonymous_3)
FN:61,(anonymous_4)
FN:76,(anonymous_5)
FN:84,(anonymous_6)
FN:92,(anonymous_7)
FNF:8
FNH:6
FNDA:3,JobsScreen
FNDA:1,(anonymous_1)
FNDA:1,(anonymous_2)
FNDA:1,(anonymous_3)
FNDA:1,(anonymous_4)
FNDA:1,(anonymous_5)
FNDA:0,(anonymous_6)
FNDA:0,(anonymous_7)
DA:25,3
DA:26,3
DA:28,3
DA:29,3
DA:30,3
DA:31,3
DA:33,3
DA:34,1
DA:35,1
DA:36,1
DA:37,1
DA:38,1
DA:46,1
DA:48,0
DA:49,0
DA:51,1
DA:55,3
DA:61,1
DA:77,1
DA:84,0
DA:92,0
DA:119,1
LF:22
LH:18
BRDA:26,0,0,3
BRDA:26,0,1,0
BRDA:26,1,0,0
BRDA:26,1,1,3
BRDA:41,2,0,1
BRDA:41,2,1,0
BRDA:42,3,0,1
BRDA:42,3,1,0
BRDA:72,4,0,3
BRDA:72,4,1,1
BRDA:84,5,0,0
BRDA:84,5,1,0
BRDA:96,6,0,1
BRDA:96,6,1,0
BRDA:100,7,0,0
BRDA:100,7,1,1
BRDA:104,8,0,1
BRDA:104,8,1,0
BRDA:110,9,0,3
BRDA:110,9,1,2
BRDA:110,9,2,1
BRF:21
BRH:12
end_of_record
TN:
SF:context/AuthProvider.tsx
FN:23,(anonymous_0)
FN:24,(anonymous_1)
FN:25,(anonymous_2)
FN:33,(anonymous_3)
FN:39,(anonymous_4)
FN:40,(anonymous_5)
FN:52,(anonymous_6)
FN:62,(anonymous_7)
FN:76,(anonymous_8)
FNF:9
FNH:0
FNDA:0,(anonymous_0)
FNDA:0,(anonymous_1)
FNDA:0,(anonymous_2)
FNDA:0,(anonymous_3)
FNDA:0,(anonymous_4)
FNDA:0,(anonymous_5)
FNDA:0,(anonymous_6)
FNDA:0,(anonymous_7)
FNDA:0,(anonymous_8)
DA:19,1
DA:33,1
DA:34,0
DA:35,0
DA:36,0
DA:37,0
DA:39,0
DA:40,0
DA:41,0
DA:42,0
DA:43,0
DA:44,0
DA:45,0
DA:46,0
DA:47,0
DA:49,0
DA:52,0
DA:53,0
DA:54,0
DA:55,0
DA:56,0
DA:57,0
DA:58,0
DA:59,0
DA:62,0
DA:67,0
DA:68,0
DA:69,0
DA:70,0
DA:71,0
DA:72,0
DA:73,0
DA:76,0
DA:77,0
DA:78,0
DA:79,0
DA:80,0
DA:81,0
DA:82,0
DA:83,0
DA:86,0
LF:41
LH:2
BRF:0
BRH:0
end_of_record
TN:
SF:src/utils/SavedJobsContext.tsx
FN:23,SavedJobsProvider
FN:27,(anonymous_1)
FN:28,(anonymous_2)
FN:39,(anonymous_3)
FN:41,(anonymous_4)
FN:44,(anonymous_5)
FN:47,(anonymous_6)
FN:48,(anonymous_7)
FN:48,(anonymous_8)
FN:49,(anonymous_9)
FN:49,(anonymous_10)
FN:49,(anonymous_11)
FN:50,(anonymous_12)
FN:50,(anonymous_13)
FN:57,useSavedJobs
FNF:15
FNH:14
FNDA:6,SavedJobsProvider
FNDA:2,(anonymous_1)
FNDA:2,(anonymous_2)
FNDA:6,(anonymous_3)
FNDA:0,(anonymous_4)
FNDA:6,(anonymous_5)
FNDA:1,(anonymous_6)
FNDA:1,(anonymous_7)
FNDA:1,(anonymous_8)
FNDA:1,(anonymous_9)
FNDA:1,(anonymous_10)
FNDA:2,(anonymous_11)
FNDA:7,(anonymous_12)
FNDA:3,(anonymous_13)
FNDA:7,useSavedJobs
DA:20,2
DA:21,2
DA:24,6
DA:25,6
DA:27,6
DA:28,2
DA:29,2
DA:30,2
DA:31,2
DA:34,2
DA:39,6
DA:40,6
DA:41,4
DA:44,6
DA:45,6
DA:48,1
DA:49,2
DA:50,7
DA:54,6
DA:58,7
DA:59,7
DA:60,7
LF:22
LH:22
BRDA:31,0,0,1
BRDA:31,0,1,1
BRDA:40,1,0,2
BRDA:40,1,1,4
BRDA:48,2,0,0
BRDA:48,2,1,1
BRDA:59,3,0,0
BRDA:59,3,1,7
BRF:8
BRH:6
end_of_record
TN:
SF:src/utils/adzuna.ts
FN:14,searchJobs
FNF:1
FNH:0
FNDA:0,searchJobs
DA:1,1
DA:2,1
DA:3,1
DA:15,0
DA:18,0
DA:25,0
DA:26,0
DA:27,0
DA:28,0
LF:9
LH:3
BRDA:14,0,0,0
BRDA:14,1,0,0
BRDA:20,2,0,0
BRDA:20,2,1,0
BRDA:26,3,0,0
BRDA:26,3,1,0
BRDA:28,4,0,0
BRDA:28,4,1,0
BRF:8
BRH:0
end_of_record
